# JRE version: OpenJDK Runtime Environment (8.0_212-b04) (build 1.8.0_212-release-1586-b04)
# Java VM: OpenJDK 64-Bit Server VM (25.212-b04 mixed mode windows-amd64 compressed oops)
Heap:
 PSYoungGen      total 209408K, used 111150K [0x00000000d5580000, 0x00000000e3b00000, 0x0000000100000000)
  eden space 198144K, 56% used [0x00000000d5580000,0x00000000dc20bb48,0x00000000e1700000)
  from space 11264K, 0% used [0x00000000e3000000,0x00000000e3000000,0x00000000e3b00000)
  to   space 16896K, 0% used [0x00000000e1a00000,0x00000000e1a00000,0x00000000e2a80000)
 ParOldGen       total 97792K, used 18124K [0x0000000080000000, 0x0000000085f80000, 0x00000000d5580000)
  object space 97792K, 18% used [0x0000000080000000,0x00000000811b30c0,0x0000000085f80000)
 Metaspace       used 44345K, capacity 45556K, committed 45736K, reserved 1089536K
  class space    used 5976K, capacity 6306K, committed 6312K, reserved 1048576K
GC Heap History (10 events):
Event: 3.119 GC heap before
{Heap before GC invocations=4 (full 0):
 PSYoungGen      total 71680K, used 69929K [0x00000000d5580000, 0x00000000de180000, 0x0000000100000000)
  eden space 66560K, 97% used [0x00000000d5580000,0x00000000d94d2450,0x00000000d9680000)
  from space 5120K, 99% used [0x00000000d9680000,0x00000000d9b78020,0x00000000d9b80000)
  to   space 5120K, 0% used [0x00000000ddc80000,0x00000000ddc80000,0x00000000de180000)
 ParOldGen       total 87552K, used 4570K [0x0000000080000000, 0x0000000085580000, 0x00000000d5580000)
  object space 87552K, 5% used [0x0000000080000000,0x0000000080476840,0x0000000085580000)
 Metaspace       used 20625K, capacity 21178K, committed 21296K, reserved 1067008K
  class space    used 2972K, capacity 3133K, committed 3200K, reserved 1048576K
Event: 3.146 GC heap after
Heap after GC invocations=4 (full 0):
 PSYoungGen      total 138240K, used 5088K [0x00000000d5580000, 0x00000000de180000, 0x0000000100000000)
  eden space 133120K, 0% used [0x00000000d5580000,0x00000000d5580000,0x00000000dd780000)
  from space 5120K, 99% used [0x00000000ddc80000,0x00000000de178050,0x00000000de180000)
  to   space 5120K, 0% used [0x00000000dd780000,0x00000000dd780000,0x00000000ddc80000)
 ParOldGen       total 87552K, used 12014K [0x0000000080000000, 0x0000000085580000, 0x00000000d5580000)
  object space 87552K, 13% used [0x0000000080000000,0x0000000080bbba90,0x0000000085580000)
 Metaspace       used 20625K, capacity 21178K, committed 21296K, reserved 1067008K
  class space    used 2972K, capacity 3133K, committed 3200K, reserved 1048576K
}
Event: 3.146 GC heap before
{Heap before GC invocations=5 (full 1):
 PSYoungGen      total 138240K, used 5088K [0x00000000d5580000, 0x00000000de180000, 0x0000000100000000)
  eden space 133120K, 0% used [0x00000000d5580000,0x00000000d5580000,0x00000000dd780000)
  from space 5120K, 99% used [0x00000000ddc80000,0x00000000de178050,0x00000000de180000)
  to   space 5120K, 0% used [0x00000000dd780000,0x00000000dd780000,0x00000000ddc80000)
 ParOldGen       total 87552K, used 12014K [0x0000000080000000, 0x0000000085580000, 0x00000000d5580000)
  object space 87552K, 13% used [0x0000000080000000,0x0000000080bbba90,0x0000000085580000)
 Metaspace       used 20625K, capacity 21178K, committed 21296K, reserved 1067008K
  class space    used 2972K, capacity 3133K, committed 3200K, reserved 1048576K
Event: 3.200 GC heap after
Heap after GC invocations=5 (full 1):
 PSYoungGen      total 138240K, used 0K [0x00000000d5580000, 0x00000000de180000, 0x0000000100000000)
  eden space 133120K, 0% used [0x00000000d5580000,0x00000000d5580000,0x00000000dd780000)
  from space 5120K, 0% used [0x00000000ddc80000,0x00000000ddc80000,0x00000000de180000)
  to   space 5120K, 0% used [0x00000000dd780000,0x00000000dd780000,0x00000000ddc80000)
 ParOldGen       total 68608K, used 12165K [0x0000000080000000, 0x0000000084300000, 0x00000000d5580000)
  object space 68608K, 17% used [0x0000000080000000,0x0000000080be1520,0x0000000084300000)
 Metaspace       used 20625K, capacity 21178K, committed 21296K, reserved 1067008K
  class space    used 2972K, capacity 3133K, committed 3200K, reserved 1048576K
}
Event: 4.626 GC heap before
{Heap before GC invocations=6 (full 1):
 PSYoungGen      total 138240K, used 133120K [0x00000000d5580000, 0x00000000de180000, 0x0000000100000000)
  eden space 133120K, 100% used [0x00000000d5580000,0x00000000dd780000,0x00000000dd780000)
  from space 5120K, 0% used [0x00000000ddc80000,0x00000000ddc80000,0x00000000de180000)
  to   space 5120K, 0% used [0x00000000dd780000,0x00000000dd780000,0x00000000ddc80000)
 ParOldGen       total 68608K, used 12165K [0x0000000080000000, 0x0000000084300000, 0x00000000d5580000)
  object space 68608K, 17% used [0x0000000080000000,0x0000000080be1520,0x0000000084300000)
 Metaspace       used 32146K, capacity 32764K, committed 33152K, reserved 1077248K
  class space    used 4413K, capacity 4623K, committed 4736K, reserved 1048576K
Event: 4.646 GC heap after
Heap after GC invocations=6 (full 1):
 PSYoungGen      total 138240K, used 5104K [0x00000000d5580000, 0x00000000e4080000, 0x0000000100000000)
  eden space 133120K, 0% used [0x00000000d5580000,0x00000000d5580000,0x00000000dd780000)
  from space 5120K, 99% used [0x00000000dd780000,0x00000000ddc7c010,0x00000000ddc80000)
  to   space 16896K, 0% used [0x00000000e3000000,0x00000000e3000000,0x00000000e4080000)
 ParOldGen       total 68608K, used 19912K [0x0000000080000000, 0x0000000084300000, 0x00000000d5580000)
  object space 68608K, 29% used [0x0000000080000000,0x0000000081372218,0x0000000084300000)
 Metaspace       used 32146K, capacity 32764K, committed 33152K, reserved 1077248K
  class space    used 4413K, capacity 4623K, committed 4736K, reserved 1048576K
}
Event: 11.049 GC heap before
{Heap before GC invocations=7 (full 1):
 PSYoungGen      total 138240K, used 60789K [0x00000000d5580000, 0x00000000e4080000, 0x0000000100000000)
  eden space 133120K, 41% used [0x00000000d5580000,0x00000000d8be16a0,0x00000000dd780000)
  from space 5120K, 99% used [0x00000000dd780000,0x00000000ddc7c010,0x00000000ddc80000)
  to   space 16896K, 0% used [0x00000000e3000000,0x00000000e3000000,0x00000000e4080000)
 ParOldGen       total 68608K, used 19912K [0x0000000080000000, 0x0000000084300000, 0x00000000d5580000)
  object space 68608K, 29% used [0x0000000080000000,0x0000000081372218,0x0000000084300000)
 Metaspace       used 34547K, capacity 35420K, committed 35496K, reserved 1079296K
  class space    used 4744K, capacity 4997K, committed 5032K, reserved 1048576K
Event: 11.060 GC heap after
Heap after GC invocations=7 (full 1):
 PSYoungGen      total 209408K, used 10946K [0x00000000d5580000, 0x00000000e3b00000, 0x0000000100000000)
  eden space 198144K, 0% used [0x00000000d5580000,0x00000000d5580000,0x00000000e1700000)
  from space 11264K, 97% used [0x00000000e3000000,0x00000000e3ab09b8,0x00000000e3b00000)
  to   space 16896K, 0% used [0x00000000e1a00000,0x00000000e1a00000,0x00000000e2a80000)
 ParOldGen       total 68608K, used 19920K [0x0000000080000000, 0x0000000084300000, 0x00000000d5580000)
  object space 68608K, 29% used [0x0000000080000000,0x0000000081374218,0x0000000084300000)
 Metaspace       used 34547K, capacity 35420K, committed 35496K, reserved 1079296K
  class space    used 4744K, capacity 4997K, committed 5032K, reserved 1048576K
}
Event: 11.060 GC heap before
{Heap before GC invocations=8 (full 2):
 PSYoungGen      total 209408K, used 10946K [0x00000000d5580000, 0x00000000e3b00000, 0x0000000100000000)
  eden space 198144K, 0% used [0x00000000d5580000,0x00000000d5580000,0x00000000e1700000)
  from space 11264K, 97% used [0x00000000e3000000,0x00000000e3ab09b8,0x00000000e3b00000)
  to   space 16896K, 0% used [0x00000000e1a00000,0x00000000e1a00000,0x00000000e2a80000)
 ParOldGen       total 68608K, used 19920K [0x0000000080000000, 0x0000000084300000, 0x00000000d5580000)
  object space 68608K, 29% used [0x0000000080000000,0x0000000081374218,0x0000000084300000)
 Metaspace       used 34547K, capacity 35420K, committed 35496K, reserved 1079296K
  class space    used 4744K, capacity 4997K, committed 5032K, reserved 1048576K
Event: 11.127 GC heap after
Heap after GC invocations=8 (full 2):
 PSYoungGen      total 209408K, used 0K [0x00000000d5580000, 0x00000000e3b00000, 0x0000000100000000)
  eden space 198144K, 0% used [0x00000000d5580000,0x00000000d5580000,0x00000000e1700000)
  from space 11264K, 0% used [0x00000000e3000000,0x00000000e3000000,0x00000000e3b00000)
  to   space 16896K, 0% used [0x00000000e1a00000,0x00000000e1a00000,0x00000000e2a80000)
 ParOldGen       total 97792K, used 18124K [0x0000000080000000, 0x0000000085f80000, 0x00000000d5580000)
  object space 97792K, 18% used [0x0000000080000000,0x00000000811b30c0,0x0000000085f80000)
 Metaspace       used 34532K, capacity 35372K, committed 35496K, reserved 1079296K
  class space    used 4739K, capacity 4989K, committed 5032K, reserved 1048576K
}

