# JRE version: OpenJDK Runtime Environment (8.0_212-b04) (build 1.8.0_212-release-1586-b04)
# Java VM: OpenJDK 64-Bit Server VM (25.212-b04 mixed mode windows-amd64 compressed oops)
Heap:
 PSYoungGen      total 232448K, used 136064K [0x00000000d5580000, 0x00000000e6980000, 0x0000000100000000)
  eden space 197632K, 56% used [0x00000000d5580000,0x00000000dc356cc0,0x00000000e1680000)
  from space 34816K, 67% used [0x00000000e4780000,0x00000000e5e894f8,0x00000000e6980000)
  to   space 42496K, 0% used [0x00000000e1680000,0x00000000e1680000,0x00000000e4000000)
 ParOldGen       total 232448K, used 91309K [0x0000000080000000, 0x000000008e300000, 0x00000000d5580000)
  object space 232448K, 39% used [0x0000000080000000,0x000000008592b4f8,0x000000008e300000)
 Metaspace       used 101814K, capacity 110014K, committed 110144K, reserved 1144832K
  class space    used 13000K, capacity 14419K, committed 14464K, reserved 1048576K
GC Heap History (10 events):
Event: 8394.671 GC heap before
{Heap before GC invocations=42 (full 4):
 PSYoungGen      total 240128K, used 239850K [0x00000000d5580000, 0x00000000e9780000, 0x0000000100000000)
  eden space 229376K, 100% used [0x00000000d5580000,0x00000000e3580000,0x00000000e3580000)
  from space 10752K, 97% used [0x00000000e3c80000,0x00000000e46ba8d8,0x00000000e4700000)
  to   space 50176K, 0% used [0x00000000e6680000,0x00000000e6680000,0x00000000e9780000)
 ParOldGen       total 232448K, used 90501K [0x0000000080000000, 0x000000008e300000, 0x00000000d5580000)
  object space 232448K, 38% used [0x0000000080000000,0x00000000858614f8,0x000000008e300000)
 Metaspace       used 101555K, capacity 109814K, committed 109888K, reserved 1144832K
  class space    used 12999K, capacity 14419K, committed 14464K, reserved 1048576K
Event: 8394.696 GC heap after
Heap after GC invocations=42 (full 4):
 PSYoungGen      total 262144K, used 21082K [0x00000000d5580000, 0x00000000e8d80000, 0x0000000100000000)
  eden space 222208K, 0% used [0x00000000d5580000,0x00000000d5580000,0x00000000e2e80000)
  from space 39936K, 52% used [0x00000000e6680000,0x00000000e7b169c8,0x00000000e8d80000)
  to   space 48640K, 0% used [0x00000000e2e80000,0x00000000e2e80000,0x00000000e5e00000)
 ParOldGen       total 232448K, used 90557K [0x0000000080000000, 0x000000008e300000, 0x00000000d5580000)
  object space 232448K, 38% used [0x0000000080000000,0x000000008586f4f8,0x000000008e300000)
 Metaspace       used 101555K, capacity 109814K, committed 109888K, reserved 1144832K
  class space    used 12999K, capacity 14419K, committed 14464K, reserved 1048576K
}
Event: 8457.153 GC heap before
{Heap before GC invocations=43 (full 4):
 PSYoungGen      total 262144K, used 243290K [0x00000000d5580000, 0x00000000e8d80000, 0x0000000100000000)
  eden space 222208K, 100% used [0x00000000d5580000,0x00000000e2e80000,0x00000000e2e80000)
  from space 39936K, 52% used [0x00000000e6680000,0x00000000e7b169c8,0x00000000e8d80000)
  to   space 48640K, 0% used [0x00000000e2e80000,0x00000000e2e80000,0x00000000e5e00000)
 ParOldGen       total 232448K, used 90557K [0x0000000080000000, 0x000000008e300000, 0x00000000d5580000)
  object space 232448K, 38% used [0x0000000080000000,0x000000008586f4f8,0x000000008e300000)
 Metaspace       used 101595K, capacity 109814K, committed 109888K, reserved 1144832K
  class space    used 12999K, capacity 14419K, committed 14464K, reserved 1048576K
Event: 8457.175 GC heap after
Heap after GC invocations=43 (full 4):
 PSYoungGen      total 237056K, used 21411K [0x00000000d5580000, 0x00000000e8300000, 0x0000000100000000)
  eden space 215552K, 0% used [0x00000000d5580000,0x00000000d5580000,0x00000000e2800000)
  from space 21504K, 99% used [0x00000000e2e80000,0x00000000e4368c50,0x00000000e4380000)
  to   space 46592K, 0% used [0x00000000e5580000,0x00000000e5580000,0x00000000e8300000)
 ParOldGen       total 232448K, used 91189K [0x0000000080000000, 0x000000008e300000, 0x00000000d5580000)
  object space 232448K, 39% used [0x0000000080000000,0x000000008590d4f8,0x000000008e300000)
 Metaspace       used 101595K, capacity 109814K, committed 109888K, reserved 1144832K
  class space    used 12999K, capacity 14419K, committed 14464K, reserved 1048576K
}
Event: 8502.634 GC heap before
{Heap before GC invocations=44 (full 4):
 PSYoungGen      total 237056K, used 236963K [0x00000000d5580000, 0x00000000e8300000, 0x0000000100000000)
  eden space 215552K, 100% used [0x00000000d5580000,0x00000000e2800000,0x00000000e2800000)
  from space 21504K, 99% used [0x00000000e2e80000,0x00000000e4368c50,0x00000000e4380000)
  to   space 46592K, 0% used [0x00000000e5580000,0x00000000e5580000,0x00000000e8300000)
 ParOldGen       total 232448K, used 91189K [0x0000000080000000, 0x000000008e300000, 0x00000000d5580000)
  object space 232448K, 39% used [0x0000000080000000,0x000000008590d4f8,0x000000008e300000)
 Metaspace       used 101664K, capacity 109878K, committed 110144K, reserved 1144832K
  class space    used 13000K, capacity 14419K, committed 14464K, reserved 1048576K
Event: 8502.657 GC heap after
Heap after GC invocations=44 (full 4):
 PSYoungGen      total 247808K, used 17978K [0x00000000d5580000, 0x00000000e7b00000, 0x0000000100000000)
  eden space 209408K, 0% used [0x00000000d5580000,0x00000000d5580000,0x00000000e2200000)
  from space 38400K, 46% used [0x00000000e5580000,0x00000000e670ea30,0x00000000e7b00000)
  to   space 45568K, 0% used [0x00000000e2200000,0x00000000e2200000,0x00000000e4e80000)
 ParOldGen       total 232448K, used 91237K [0x0000000080000000, 0x000000008e300000, 0x00000000d5580000)
  object space 232448K, 39% used [0x0000000080000000,0x00000000859194f8,0x000000008e300000)
 Metaspace       used 101664K, capacity 109878K, committed 110144K, reserved 1144832K
  class space    used 13000K, capacity 14419K, committed 14464K, reserved 1048576K
}
Event: 8503.957 GC heap before
{Heap before GC invocations=45 (full 4):
 PSYoungGen      total 247808K, used 227386K [0x00000000d5580000, 0x00000000e7b00000, 0x0000000100000000)
  eden space 209408K, 100% used [0x00000000d5580000,0x00000000e2200000,0x00000000e2200000)
  from space 38400K, 46% used [0x00000000e5580000,0x00000000e670ea30,0x00000000e7b00000)
  to   space 45568K, 0% used [0x00000000e2200000,0x00000000e2200000,0x00000000e4e80000)
 ParOldGen       total 232448K, used 91237K [0x0000000080000000, 0x000000008e300000, 0x00000000d5580000)
  object space 232448K, 39% used [0x0000000080000000,0x00000000859194f8,0x000000008e300000)
 Metaspace       used 101681K, capacity 109942K, committed 110144K, reserved 1144832K
  class space    used 13000K, capacity 14419K, committed 14464K, reserved 1048576K
Event: 8503.986 GC heap after
Heap after GC invocations=45 (full 4):
 PSYoungGen      total 229888K, used 26340K [0x00000000d5580000, 0x00000000e7300000, 0x0000000100000000)
  eden space 203264K, 0% used [0x00000000d5580000,0x00000000d5580000,0x00000000e1c00000)
  from space 26624K, 98% used [0x00000000e2200000,0x00000000e3bb9070,0x00000000e3c00000)
  to   space 44544K, 0% used [0x00000000e4780000,0x00000000e4780000,0x00000000e7300000)
 ParOldGen       total 232448K, used 91277K [0x0000000080000000, 0x000000008e300000, 0x00000000d5580000)
  object space 232448K, 39% used [0x0000000080000000,0x00000000859234f8,0x000000008e300000)
 Metaspace       used 101681K, capacity 109942K, committed 110144K, reserved 1144832K
  class space    used 13000K, capacity 14419K, committed 14464K, reserved 1048576K
}
Event: 8592.562 GC heap before
{Heap before GC invocations=46 (full 4):
 PSYoungGen      total 229888K, used 229604K [0x00000000d5580000, 0x00000000e7300000, 0x0000000100000000)
  eden space 203264K, 100% used [0x00000000d5580000,0x00000000e1c00000,0x00000000e1c00000)
  from space 26624K, 98% used [0x00000000e2200000,0x00000000e3bb9070,0x00000000e3c00000)
  to   space 44544K, 0% used [0x00000000e4780000,0x00000000e4780000,0x00000000e7300000)
 ParOldGen       total 232448K, used 91277K [0x0000000080000000, 0x000000008e300000, 0x00000000d5580000)
  object space 232448K, 39% used [0x0000000080000000,0x00000000859234f8,0x000000008e300000)
 Metaspace       used 101794K, capacity 110014K, committed 110144K, reserved 1144832K
  class space    used 13000K, capacity 14419K, committed 14464K, reserved 1048576K
Event: 8592.583 GC heap after
Heap after GC invocations=46 (full 4):
 PSYoungGen      total 232448K, used 23589K [0x00000000d5580000, 0x00000000e6980000, 0x0000000100000000)
  eden space 197632K, 0% used [0x00000000d5580000,0x00000000d5580000,0x00000000e1680000)
  from space 34816K, 67% used [0x00000000e4780000,0x00000000e5e894f8,0x00000000e6980000)
  to   space 42496K, 0% used [0x00000000e1680000,0x00000000e1680000,0x00000000e4000000)
 ParOldGen       total 232448K, used 91309K [0x0000000080000000, 0x000000008e300000, 0x00000000d5580000)
  object space 232448K, 39% used [0x0000000080000000,0x000000008592b4f8,0x000000008e300000)
 Metaspace       used 101794K, capacity 110014K, committed 110144K, reserved 1144832K
  class space    used 13000K, capacity 14419K, committed 14464K, reserved 1048576K
}

